2024-05-05 15:33:06,086 [Worker-4: Loading available Gradle versions] INFO  o.e.b.c.i.u.g.PublishedGradleVersions - Gradle version information cache is up-to-date. Trying to read.
2024-05-05 15:33:27,304 [Worker-3: Importing Maven projects] INFO  o.e.m.c.i.l.LifecycleMappingFactory - Using org.maven.ide.eclipse.wtp.WarLifecycleMapping lifecycle mapping for MavenProject: net.royal.spring:Spring-ModulosAsistenciales-web:0.0.1-SNAPSHOT @ D:\FUENTES\OMEGASOFT\WEB\gss-ma\pom.xml.
2024-05-05 15:33:38,392 [Worker-3: Importing Maven projects] INFO  o.e.m.j.i.AbstractJavaProjectConfigurator - Adding source folder /gss-ma/src/main/java
2024-05-05 15:33:38,394 [Worker-3: Importing Maven projects] INFO  o.e.m.j.i.AbstractJavaProjectConfigurator - Adding resource folder /gss-ma/src/main/resources
2024-05-05 15:33:38,394 [Worker-3: Importing Maven projects] INFO  o.e.m.j.i.AbstractJavaProjectConfigurator - Adding resource folder /gss-ma/src/main/resources
2024-05-05 15:33:38,395 [Worker-3: Importing Maven projects] INFO  o.e.m.j.i.AbstractJavaProjectConfigurator - Adding source folder /gss-ma/src/test/java
2024-05-05 15:33:42,882 [Worker-3: Importing Maven projects] INFO  o.e.m.c.i.p.ProjectConfigurationManager - Imported and configured 1 project(s) in 18 sec
2024-05-05 15:33:51,628 [Worker-2: Building] INFO  o.e.m.c.i.embedder.EclipseLogger - Using 'UTF-8' encoding to copy filtered resources.
2024-05-05 15:33:51,628 [Worker-2: Building] INFO  o.e.m.c.i.embedder.EclipseLogger - Using 'UTF-8' encoding to copy filtered properties files.
2024-05-05 15:33:51,636 [Worker-2: Building] INFO  o.e.m.c.i.embedder.EclipseLogger - Copying 1 resource
2024-05-05 15:33:51,662 [Worker-2: Building] INFO  o.e.m.c.i.embedder.EclipseLogger - Copying 16 resources
2024-05-05 15:33:51,788 [Worker-2: Building] INFO  o.e.m.c.i.embedder.EclipseLogger - Using 'UTF-8' encoding to copy filtered resources.
2024-05-05 15:33:51,788 [Worker-2: Building] INFO  o.e.m.c.i.embedder.EclipseLogger - Using 'UTF-8' encoding to copy filtered properties files.
2024-05-05 15:33:51,788 [Worker-2: Building] INFO  o.e.m.c.i.embedder.EclipseLogger - skip non existing resourceDirectory D:\FUENTES\OMEGASOFT\WEB\gss-ma\src\test\resources
2024-05-05 15:34:19,561 [Worker-7: Building] INFO  o.e.m.c.i.l.LifecycleMappingFactory - Using org.maven.ide.eclipse.wtp.WarLifecycleMapping lifecycle mapping for MavenProject: net.royal.spring:Spring-ModulosAsistenciales-web:0.0.1-SNAPSHOT @ D:\FUENTES\OMEGASOFT\WEB\solution-back\pom.xml.
2024-05-05 15:34:21,698 [Worker-7: Building] INFO  o.e.m.c.i.embedder.EclipseLogger - Using 'UTF-8' encoding to copy filtered resources.
2024-05-05 15:34:21,699 [Worker-7: Building] INFO  o.e.m.c.i.embedder.EclipseLogger - Using 'UTF-8' encoding to copy filtered properties files.
2024-05-05 15:34:21,699 [Worker-7: Building] INFO  o.e.m.c.i.embedder.EclipseLogger - Copying 1 resource
2024-05-05 15:34:21,718 [Worker-7: Building] INFO  o.e.m.c.i.embedder.EclipseLogger - Copying 16 resources
2024-05-05 15:34:21,829 [Worker-7: Building] INFO  o.e.m.c.i.embedder.EclipseLogger - Using 'UTF-8' encoding to copy filtered resources.
2024-05-05 15:34:21,829 [Worker-7: Building] INFO  o.e.m.c.i.embedder.EclipseLogger - Using 'UTF-8' encoding to copy filtered properties files.
2024-05-05 15:34:21,829 [Worker-7: Building] INFO  o.e.m.c.i.embedder.EclipseLogger - skip non existing resourceDirectory D:\FUENTES\OMEGASOFT\WEB\solution-back\src\test\resources
2024-05-05 15:34:39,265 [Worker-4: Building] INFO  o.e.m.c.i.embedder.EclipseLogger - Using 'UTF-8' encoding to copy filtered resources.
2024-05-05 15:34:39,265 [Worker-4: Building] INFO  o.e.m.c.i.embedder.EclipseLogger - Using 'UTF-8' encoding to copy filtered properties files.
2024-05-05 15:34:39,268 [Worker-4: Building] INFO  o.e.m.c.i.embedder.EclipseLogger - Copying 1 resource
2024-05-05 15:34:39,272 [Worker-4: Building] INFO  o.e.m.c.i.embedder.EclipseLogger - Copying 16 resources
2024-05-05 15:34:39,342 [Worker-4: Building] INFO  o.e.m.c.i.embedder.EclipseLogger - Using 'UTF-8' encoding to copy filtered resources.
2024-05-05 15:34:39,342 [Worker-4: Building] INFO  o.e.m.c.i.embedder.EclipseLogger - Using 'UTF-8' encoding to copy filtered properties files.
2024-05-05 15:34:39,342 [Worker-4: Building] INFO  o.e.m.c.i.embedder.EclipseLogger - skip non existing resourceDirectory D:\FUENTES\OMEGASOFT\WEB\solution-back\src\test\resources
